2020.11.05 19:25:29 INFO  started: Metals version 0.9.4 in workspace 'C:\Users\jesse\IdeaProjects\Personal-Projects\Calendar' for client vscode.
2020.11.05 19:25:30 INFO  time: initialize in 0.37s
2020.11.05 19:25:30 WARN  no build tool detected in workspace 'C:\Users\jesse\IdeaProjects\Personal-Projects\Calendar'. The most common cause for this problem is that the editor was opened in the wrong working directory, for example if you use sbt then the workspace directory should contain build.sbt. 
2020.11.05 19:25:34 INFO  no build target: using presentation compiler with only scala-library
2020.11.05 19:25:34 WARN  no build target for: C:\Users\jesse\IdeaProjects\Personal-Projects\Calendar\src\main\scala\run.scala
2020.11.05 19:25:41 WARN  no build target for: C:\Users\jesse\IdeaProjects\Personal-Projects\Calendar\src\main\scala\run.scala
Nov 05, 2020 7:27:35 PM org.eclipse.lsp4j.jsonrpc.services.GenericEndpoint notify
INFO: Unsupported notification method: $/setTraceNotification
Nov 05, 2020 7:28:12 PM org.eclipse.lsp4j.jsonrpc.services.GenericEndpoint notify
INFO: Unsupported notification method: $/setTraceNotification
2020.11.05 19:30:55 INFO  shutting down Metals
2020.11.06 09:47:53 INFO  started: Metals version 0.9.4 in workspace 'C:\Users\jesse\IdeaProjects\Personal-Projects\Calendar' for client vscode.
2020.11.06 09:47:53 INFO  time: initialize in 0.44s
2020.11.06 09:48:56 INFO  shutting down Metals
[0m2021.01.25 16:03:24 INFO  Started: Metals version 0.9.10 in workspace 'C:\Users\jesse\IdeaProjects\Personal-Projects\Calendar' for client vscode 1.52.1.[0m
[0m2021.01.25 16:03:25 INFO  time: initialize in 0.79s[0m
[0m2021.01.25 16:03:26 WARN  resetting database: C:\Users\jesse\IdeaProjects\Personal-Projects\Calendar\.metals\metals.h2.db[0m
[0m2021.01.25 16:03:26 WARN  Build server is not auto-connectable.[0m
[0m2021.01.25 16:03:43 INFO  no build target: using presentation compiler with only scala-library[0m
[0m2021.01.25 16:03:46 WARN  no build target for: C:\Users\jesse\IdeaProjects\Personal-Projects\Calendar\src\main\scala\parse_cal.scala[0m
[0m2021.01.25 16:03:50 WARN  no build target for: C:\Users\jesse\IdeaProjects\Personal-Projects\Calendar\src\main\scala\parse_data_info.scala[0m
[0m2021.01.25 16:03:54 WARN  no build target for: C:\Users\jesse\IdeaProjects\Personal-Projects\Calendar\src\main\scala\parse_elements.scala[0m
[0m2021.01.25 16:04:00 WARN  no build target for: C:\Users\jesse\IdeaProjects\Personal-Projects\Calendar\src\main\scala\parse_help.scala[0m
[0m2021.01.25 16:04:05 WARN  no build target for: C:\Users\jesse\IdeaProjects\Personal-Projects\Calendar\src\main\scala\parse_weather.scala[0m
[0m2021.01.25 16:04:18 WARN  no build target for: C:\Users\jesse\IdeaProjects\Personal-Projects\Calendar\src\main\scala\run.scala[0m
[0m2021.01.25 16:05:22 WARN  no build target for: C:\Users\jesse\IdeaProjects\Personal-Projects\Calendar\src\main\scala\run.scala[0m
[0m2021.01.25 16:05:34 WARN  no build target for: C:\Users\jesse\IdeaProjects\Personal-Projects\Calendar\src\main\scala\run.scala[0m
Jan 25, 2021 4:09:02 PM org.eclipse.lsp4j.jsonrpc.services.GenericEndpoint notify
INFO: Unsupported notification method: $/setTraceNotification
[0m2021.01.25 16:09:29 WARN  no build target for: C:\Users\jesse\IdeaProjects\Personal-Projects\Calendar\src\main\scala\run.scala[0m
[0m2021.01.25 16:10:14 INFO  shutting down Metals[0m
